<?xml version="1.0" encoding="UTF-8"?>
<!-- Generated by org.testng.reporters.JUnitReportReporter -->
<testsuite hostname="WIN-FLK0Q8IJF8R" failures="0" tests="1" name="zamOffice.Tests.CDP_Functionalities" time="3.135" errors="0" timestamp="2024-03-20T20:25:10 EET" skipped="0">
  <testcase classname="zamOffice.Tests.CDP_Functionalities" name="setMobileDevice" time="3.135"/>
  <system-out/>
</testsuite> <!-- zamOffice.Tests.CDP_Functionalities -->
