<?xml version="1.0" encoding="UTF-8"?>
<!-- Generated by org.testng.reporters.JUnitReportReporter -->
<testsuite hostname="WIN-FLK0Q8IJF8R" failures="0" tests="1" name="zamOffice.TestComponents.BaseTest" time="3.181" errors="0" timestamp="2024-03-19T20:45:32 EET" skipped="0">
  <testcase classname="zamOffice.TestComponents.BaseTest" name="network" time="3.181"/>
  <system-out/>
</testsuite> <!-- zamOffice.TestComponents.BaseTest -->
